<?xml version="1.0" encoding="UTF-8"?>
<testsuites>
  <testsuite name="hello" timestamp="2024-07-08T09:18:11Z" hostname="746bdfecaf7a" tests="3" skipped="0" failures="1" errors="0" time="0.362">
    <testcase time="0.013" classname="hello" name="hello_works"/>
    <testcase time="0.194" classname="hello" name="hello_cli_works"/>
    <testcase time="0.155" classname="hello" name="fix_me_">
      <failure type="failure" message="1 (`actual`) not equal to 2 (`expected`). ('test-hello.R:10:3')">1 (`actual`) not equal to 2 (`expected`).

  `actual`: 1
`expected`: 2</failure>
    </testcase>
  </testsuite>
</testsuites>
